<?xml version="1.0" encoding="UTF-8"?>
<testng-results ignored="0" total="1" passed="1" failed="0" skipped="0">
  <reporter-output>
  </reporter-output>
  <suite started-at="2023-06-11T15:28:57 CEST" name="Default suite" finished-at="2023-06-11T15:29:08 CEST" duration-ms="11280">
    <groups>
    </groups>
    <test started-at="2023-06-11T15:28:57 CEST" name="Default test" finished-at="2023-06-11T15:29:08 CEST" duration-ms="11280">
      <class name="EmranAutomationProject.FirstAutomation">
        <test-method is-config="true" signature="start()[pri:0, instance:EmranAutomationProject.FirstAutomation@33065d67]" started-at="2023-06-11T15:28:55 CEST" name="start" finished-at="2023-06-11T15:28:57 CEST" duration-ms="2006" status="PASS">
          <reporter-output>
          </reporter-output>
        </test-method> <!-- start -->
        <test-method signature="firstTest()[pri:0, instance:EmranAutomationProject.FirstAutomation@33065d67]" started-at="2023-06-11T15:28:57 CEST" name="firstTest" finished-at="2023-06-11T15:29:08 CEST" duration-ms="11244" status="PASS">
          <reporter-output>
          </reporter-output>
        </test-method> <!-- firstTest -->
        <test-method is-config="true" signature="close()[pri:0, instance:EmranAutomationProject.FirstAutomation@33065d67]" started-at="2023-06-11T15:29:08 CEST" name="close" finished-at="2023-06-11T15:29:08 CEST" duration-ms="113" status="PASS">
          <reporter-output>
          </reporter-output>
        </test-method> <!-- close -->
      </class> <!-- EmranAutomationProject.FirstAutomation -->
    </test> <!-- Default test -->
  </suite> <!-- Default suite -->
</testng-results>
